GAS LISTING /tmp/ccqSSCvs.s 			page 1


   1              		.file	"scheduler.cpp"
   2              		.option pic
   3              		.option norelax
   4              		.text
   5              	.Ltext0:
   6              		.align	2
   8              	_Z41__static_initialization_and_destruction_0ii:
   9              	.LFB17:
  10              		.file 1 "src/scheduler.cpp"
   1:src/scheduler.cpp **** //
   2:src/scheduler.cpp **** // Created by os on 9/6/22.
   3:src/scheduler.cpp **** //
   4:src/scheduler.cpp **** 
   5:src/scheduler.cpp **** #include "../h/scheduler.hpp"
   6:src/scheduler.cpp **** 
   7:src/scheduler.cpp **** List<TCB> Scheduler::readyCoroutineQueue;
   8:src/scheduler.cpp **** 
   9:src/scheduler.cpp **** TCB *Scheduler::get()
  10:src/scheduler.cpp **** {
  11:src/scheduler.cpp ****     return readyCoroutineQueue.removeFirst();
  12:src/scheduler.cpp **** }
  13:src/scheduler.cpp **** 
  14:src/scheduler.cpp **** void Scheduler::put(TCB *tcb)
  15:src/scheduler.cpp **** {
  16:src/scheduler.cpp ****     readyCoroutineQueue.addLast(tcb);
  17:src/scheduler.cpp **** }...
  11              		.loc 1 17 1
  12              		.cfi_startproc
  13              	.LVL0:
  14 0000 130101FF 		addi	sp,sp,-16
  15              		.cfi_def_cfa_offset 16
  16 0004 23348100 		sd	s0,8(sp)
  17              		.cfi_offset 8, -8
  18 0008 13040101 		addi	s0,sp,16
  19              		.cfi_def_cfa 8, 0
  20              		.loc 1 17 1 is_stmt 0
  21 000c 93071000 		li	a5,1
  22 0010 6308F500 		beq	a0,a5,.L4
  23              	.L1:
  24 0014 03348100 		ld	s0,8(sp)
  25              		.cfi_remember_state
  26              		.cfi_restore 8
  27              		.cfi_def_cfa 2, 16
  28 0018 13010101 		addi	sp,sp,16
  29              		.cfi_def_cfa_offset 0
  30 001c 67800000 		jr	ra
  31              	.L4:
  32              		.cfi_restore_state
  33              		.loc 1 17 1 discriminator 1
  34 0020 B7070100 		li	a5,65536
  35 0024 9387F7FF 		addi	a5,a5,-1
  36 0028 E396F5FE 		bne	a1,a5,.L1
  37              	.LVL1:
  38              	.LBB9:
  39              	.LBB10:
  40              	.LBB11:
  41              		.file 2 "src/../h/list.hpp"
GAS LISTING /tmp/ccqSSCvs.s 			page 2


   1:src/../h/list.hpp **** //
   2:src/../h/list.hpp **** // Created by os on 9/6/22.
   3:src/../h/list.hpp **** //
   4:src/../h/list.hpp **** 
   5:src/../h/list.hpp **** #ifndef PROJECT_BASE_V1_1_LIST_HPP
   6:src/../h/list.hpp **** #define PROJECT_BASE_V1_1_LIST_HPP
   7:src/../h/list.hpp **** 
   8:src/../h/list.hpp **** #include "../h/memoryAllocator.hpp"
   9:src/../h/list.hpp **** 
  10:src/../h/list.hpp **** template<typename T>
  11:src/../h/list.hpp **** 
  12:src/../h/list.hpp **** class List
  13:src/../h/list.hpp **** {
  14:src/../h/list.hpp **** private:
  15:src/../h/list.hpp ****     struct Elem
  16:src/../h/list.hpp ****     {
  17:src/../h/list.hpp ****         T *data;
  18:src/../h/list.hpp ****         Elem *next;
  19:src/../h/list.hpp **** 
  20:src/../h/list.hpp ****         Elem(T *data, Elem *next) : data(data), next(next) {}
  21:src/../h/list.hpp ****     };
  22:src/../h/list.hpp **** 
  23:src/../h/list.hpp ****     Elem *head, *tail;
  24:src/../h/list.hpp **** 
  25:src/../h/list.hpp **** public:
  26:src/../h/list.hpp ****     List() : head(0), tail(0) {}
  42              		.loc 2 26 29
  43 002c 97070000 		lla	a5,.LANCHOR0
  43      93870700 
  44 0034 23B00700 		sd	zero,0(a5)
  45 0038 23B40700 		sd	zero,8(a5)
  46              	.LVL2:
  47              	.LBE11:
  48              	.LBE10:
  49              	.LBE9:
  50              		.loc 1 17 1
  51 003c 6FF09FFD 		j	.L1
  52              		.cfi_endproc
  53              	.LFE17:
  55              		.align	2
  56              		.globl	_ZN9Scheduler3getEv
  58              	_ZN9Scheduler3getEv:
  59              	.LFB10:
  10:src/scheduler.cpp **** {
  60              		.loc 1 10 1 is_stmt 1
  61              		.cfi_startproc
  62 0040 130101FE 		addi	sp,sp,-32
  63              		.cfi_def_cfa_offset 32
  64 0044 233C1100 		sd	ra,24(sp)
  65 0048 23388100 		sd	s0,16(sp)
  66 004c 23349100 		sd	s1,8(sp)
  67              		.cfi_offset 1, -8
  68              		.cfi_offset 8, -16
  69              		.cfi_offset 9, -24
  70 0050 13040102 		addi	s0,sp,32
  71              		.cfi_def_cfa 8, 0
  11:src/scheduler.cpp ****     return readyCoroutineQueue.removeFirst();
GAS LISTING /tmp/ccqSSCvs.s 			page 3


  72              		.loc 1 11 5
  73              	.LVL3:
  74              	.LBB12:
  75              	.LBB13:
  27:src/../h/list.hpp **** 
  28:src/../h/list.hpp ****     List(const List<T> &) = delete;
  29:src/../h/list.hpp **** 
  30:src/../h/list.hpp ****     List<T> &operator=(const List<T> &) = delete;
  31:src/../h/list.hpp **** 
  32:src/../h/list.hpp ****     void addFirst(T *data)
  33:src/../h/list.hpp ****     {
  34:src/../h/list.hpp ****         //Elem *elem = new Elem(data, head);
  35:src/../h/list.hpp ****         Elem *elem = (Elem*)MemoryAllocator::allocate(sizeof(Elem));
  36:src/../h/list.hpp ****         elem->data = data;
  37:src/../h/list.hpp ****         elem->next = 0;
  38:src/../h/list.hpp ****         head = elem;
  39:src/../h/list.hpp ****         if (!tail) { tail = head; }
  40:src/../h/list.hpp ****     }
  41:src/../h/list.hpp **** 
  42:src/../h/list.hpp ****     void addLast(T *data)
  43:src/../h/list.hpp ****     {
  44:src/../h/list.hpp ****         //Elem *elem = new Elem(data, 0);
  45:src/../h/list.hpp ****         Elem *elem = (Elem*)MemoryAllocator::allocateB(sizeof(Elem));
  46:src/../h/list.hpp ****         elem->data = data;
  47:src/../h/list.hpp ****         elem->next = 0;
  48:src/../h/list.hpp ****         if (tail)
  49:src/../h/list.hpp ****         {
  50:src/../h/list.hpp ****             tail->next = elem;
  51:src/../h/list.hpp ****             tail = elem;
  52:src/../h/list.hpp ****         } else
  53:src/../h/list.hpp ****         {
  54:src/../h/list.hpp ****             head = tail = elem;
  55:src/../h/list.hpp ****         }
  56:src/../h/list.hpp ****     }
  57:src/../h/list.hpp **** 
  58:src/../h/list.hpp ****     T *removeFirst()
  59:src/../h/list.hpp ****     {
  60:src/../h/list.hpp ****         if (!head) { return 0; }
  76              		.loc 2 60 14 is_stmt 0
  77 0054 17050000 		ld	a0,.LANCHOR0
  77      03350500 
  78              		.loc 2 60 9
  79 005c 63020504 		beqz	a0,.L8
  80              	.LVL4:
  61:src/../h/list.hpp **** 
  62:src/../h/list.hpp ****         Elem *elem = head;
  63:src/../h/list.hpp ****         head = head->next;
  81              		.loc 2 63 22
  82 0060 83378500 		ld	a5,8(a0)
  83              		.loc 2 63 9
  84 0064 17070000 		sd	a5,.LANCHOR0,a4
  84      2330F700 
  64:src/../h/list.hpp ****         if (!head) { tail = 0; }
  85              		.loc 2 64 9
  86 006c 63840702 		beqz	a5,.L10
  87              	.L7:
  65:src/../h/list.hpp **** 
GAS LISTING /tmp/ccqSSCvs.s 			page 4


  66:src/../h/list.hpp ****         T *ret = elem->data;
  88              		.loc 2 66 12
  89 0070 83340500 		ld	s1,0(a0)
  90              	.LVL5:
  67:src/../h/list.hpp ****         MemoryAllocator::FreeMem(elem);
  91              		.loc 2 67 33
  92 0074 97000000 		call	_ZN15MemoryAllocator7FreeMemEPv@plt
  92      E7800000 
  93              	.LVL6:
  94              	.L5:
  95              	.LBE13:
  96              	.LBE12:
  12:src/scheduler.cpp **** }
  97              		.loc 1 12 1
  98 007c 13850400 		mv	a0,s1
  99 0080 83308101 		ld	ra,24(sp)
 100              		.cfi_remember_state
 101              		.cfi_restore 1
 102 0084 03340101 		ld	s0,16(sp)
 103              		.cfi_restore 8
 104              		.cfi_def_cfa 2, 32
 105 0088 83348100 		ld	s1,8(sp)
 106              		.cfi_restore 9
 107 008c 13010102 		addi	sp,sp,32
 108              		.cfi_def_cfa_offset 0
 109 0090 67800000 		jr	ra
 110              	.LVL7:
 111              	.L10:
 112              		.cfi_restore_state
 113              	.LBB15:
 114              	.LBB14:
  64:src/../h/list.hpp **** 
 115              		.loc 2 64 22
 116 0094 97070000 		sd	zero,.LANCHOR0+8,a5
 116      23B00700 
 117 009c 6FF05FFD 		j	.L7
 118              	.LVL8:
 119              	.L8:
  60:src/../h/list.hpp **** 
 120              		.loc 2 60 29
 121 00a0 93040500 		mv	s1,a0
 122              	.LVL9:
 123              	.LBE14:
 124              	.LBE15:
  11:src/scheduler.cpp ****     return readyCoroutineQueue.removeFirst();
 125              		.loc 1 11 44
 126 00a4 6FF09FFD 		j	.L5
 127              		.cfi_endproc
 128              	.LFE10:
 130              		.align	2
 131              		.globl	_ZN9Scheduler3putEP3TCB
 133              	_ZN9Scheduler3putEP3TCB:
 134              	.LFB11:
  15:src/scheduler.cpp **** {
 135              		.loc 1 15 1 is_stmt 1
 136              		.cfi_startproc
 137              	.LVL10:
GAS LISTING /tmp/ccqSSCvs.s 			page 5


 138 00a8 130101FE 		addi	sp,sp,-32
 139              		.cfi_def_cfa_offset 32
 140 00ac 233C1100 		sd	ra,24(sp)
 141 00b0 23388100 		sd	s0,16(sp)
 142 00b4 23349100 		sd	s1,8(sp)
 143              		.cfi_offset 1, -8
 144              		.cfi_offset 8, -16
 145              		.cfi_offset 9, -24
 146 00b8 13040102 		addi	s0,sp,32
 147              		.cfi_def_cfa 8, 0
 148 00bc 93040500 		mv	s1,a0
  16:src/scheduler.cpp ****     readyCoroutineQueue.addLast(tcb);
 149              		.loc 1 16 5
 150              	.LVL11:
 151              	.LBB16:
 152              	.LBB17:
  45:src/../h/list.hpp ****         elem->data = data;
 153              		.loc 2 45 55 is_stmt 0
 154 00c0 13050001 		li	a0,16
 155              	.LVL12:
 156 00c4 97000000 		call	_ZN15MemoryAllocator9allocateBEm@plt
 156      E7800000 
 157              	.LVL13:
  46:src/../h/list.hpp ****         elem->next = 0;
 158              		.loc 2 46 9
 159 00cc 23309500 		sd	s1,0(a0)
  47:src/../h/list.hpp ****         if (tail)
 160              		.loc 2 47 9
 161 00d0 23340500 		sd	zero,8(a0)
  48:src/../h/list.hpp ****         {
 162              		.loc 2 48 13
 163 00d4 97070000 		ld	a5,.LANCHOR0+8
 163      83B70700 
  48:src/../h/list.hpp ****         {
 164              		.loc 2 48 9
 165 00dc 63820702 		beqz	a5,.L12
  50:src/../h/list.hpp ****             tail = elem;
 166              		.loc 2 50 13
 167 00e0 23B4A700 		sd	a0,8(a5)
  51:src/../h/list.hpp ****         } else
 168              		.loc 2 51 13
 169 00e4 97070000 		sd	a0,.LANCHOR0+8,a5
 169      23B0A700 
 170              	.LVL14:
 171              	.L11:
 172              	.LBE17:
 173              	.LBE16:
 174              		.loc 1 17 1
 175 00ec 83308101 		ld	ra,24(sp)
 176              		.cfi_remember_state
 177              		.cfi_restore 1
 178 00f0 03340101 		ld	s0,16(sp)
 179              		.cfi_restore 8
 180              		.cfi_def_cfa 2, 32
 181 00f4 83348100 		ld	s1,8(sp)
 182              		.cfi_restore 9
 183              	.LVL15:
GAS LISTING /tmp/ccqSSCvs.s 			page 6


 184 00f8 13010102 		addi	sp,sp,32
 185              		.cfi_def_cfa_offset 0
 186 00fc 67800000 		jr	ra
 187              	.LVL16:
 188              	.L12:
 189              		.cfi_restore_state
 190              	.LBB19:
 191              	.LBB18:
  54:src/../h/list.hpp ****         }
 192              		.loc 2 54 13
 193 0100 97070000 		lla	a5,.LANCHOR0
 193      93870700 
 194 0108 23B4A700 		sd	a0,8(a5)
 195 010c 23B0A700 		sd	a0,0(a5)
 196              	.LVL17:
 197              	.LBE18:
 198              	.LBE19:
 199              		.loc 1 17 1
 200 0110 6FF0DFFD 		j	.L11
 201              		.cfi_endproc
 202              	.LFE11:
 204              		.align	2
 206              	_GLOBAL__sub_I__ZN9Scheduler19readyCoroutineQueueE:
 207              	.LFB18:
 208              		.loc 1 17 1 is_stmt 1
 209              		.cfi_startproc
 210 0114 130101FF 		addi	sp,sp,-16
 211              		.cfi_def_cfa_offset 16
 212 0118 23341100 		sd	ra,8(sp)
 213 011c 23308100 		sd	s0,0(sp)
 214              		.cfi_offset 1, -8
 215              		.cfi_offset 8, -16
 216 0120 13040101 		addi	s0,sp,16
 217              		.cfi_def_cfa 8, 0
 218              		.loc 1 17 1 is_stmt 0
 219 0124 B7050100 		li	a1,65536
 220 0128 9385F5FF 		addi	a1,a1,-1
 221 012c 13051000 		li	a0,1
 222 0130 97000000 		call	_Z41__static_initialization_and_destruction_0ii
 222      E7800000 
 223              	.LVL18:
 224 0138 83308100 		ld	ra,8(sp)
 225              		.cfi_restore 1
 226 013c 03340100 		ld	s0,0(sp)
 227              		.cfi_restore 8
 228              		.cfi_def_cfa 2, 16
 229 0140 13010101 		addi	sp,sp,16
 230              		.cfi_def_cfa_offset 0
 231 0144 67800000 		jr	ra
 232              		.cfi_endproc
 233              	.LFE18:
 235              		.section	.init_array,"aw"
 236              		.align	3
 237 0000 00000000 		.dword	_GLOBAL__sub_I__ZN9Scheduler19readyCoroutineQueueE
 237      00000000 
 238              		.globl	_ZN9Scheduler19readyCoroutineQueueE
 239              		.bss
GAS LISTING /tmp/ccqSSCvs.s 			page 7


 240              		.align	3
 241              		.set	.LANCHOR0,. + 0
 244              	_ZN9Scheduler19readyCoroutineQueueE:
 245 0000 00000000 		.zero	16
 245      00000000 
 245      00000000 
 245      00000000 
 246              		.text
 247              	.Letext0:
 248              		.file 3 "src/../h/../h/../lib/hw.h"
 249              		.file 4 "src/../h/../h/memoryAllocator.hpp"
 250              		.file 5 "src/../h/scheduler.hpp"
GAS LISTING /tmp/ccqSSCvs.s 			page 8


DEFINED SYMBOLS
                            *ABS*:0000000000000000 scheduler.cpp
     /tmp/ccqSSCvs.s:8      .text:0000000000000000 _Z41__static_initialization_and_destruction_0ii
     /tmp/ccqSSCvs.s:12     .text:0000000000000000 .L0 
     /tmp/ccqSSCvs.s:14     .text:0000000000000000 .L0 
     /tmp/ccqSSCvs.s:15     .text:0000000000000004 .L0 
     /tmp/ccqSSCvs.s:17     .text:0000000000000008 .L0 
     /tmp/ccqSSCvs.s:19     .text:000000000000000c .L0 
     /tmp/ccqSSCvs.s:21     .text:000000000000000c .L0 
     /tmp/ccqSSCvs.s:25     .text:0000000000000018 .L0 
     /tmp/ccqSSCvs.s:26     .text:0000000000000018 .L0 
     /tmp/ccqSSCvs.s:27     .text:0000000000000018 .L0 
     /tmp/ccqSSCvs.s:29     .text:000000000000001c .L0 
     /tmp/ccqSSCvs.s:32     .text:0000000000000020 .L0 
     /tmp/ccqSSCvs.s:34     .text:0000000000000020 .L0 
     /tmp/ccqSSCvs.s:43     .text:000000000000002c .L0 
     /tmp/ccqSSCvs.s:51     .text:000000000000003c .L0 
     /tmp/ccqSSCvs.s:52     .text:0000000000000040 .L0 
     /tmp/ccqSSCvs.s:58     .text:0000000000000040 _ZN9Scheduler3getEv
     /tmp/ccqSSCvs.s:61     .text:0000000000000040 .L0 
     /tmp/ccqSSCvs.s:62     .text:0000000000000040 .L0 
     /tmp/ccqSSCvs.s:63     .text:0000000000000044 .L0 
     /tmp/ccqSSCvs.s:67     .text:0000000000000050 .L0 
     /tmp/ccqSSCvs.s:68     .text:0000000000000050 .L0 
     /tmp/ccqSSCvs.s:69     .text:0000000000000050 .L0 
     /tmp/ccqSSCvs.s:71     .text:0000000000000054 .L0 
     /tmp/ccqSSCvs.s:76     .text:0000000000000054 .L0 
     /tmp/ccqSSCvs.s:77     .text:0000000000000054 .L0 
     /tmp/ccqSSCvs.s:79     .text:000000000000005c .L0 
     /tmp/ccqSSCvs.s:82     .text:0000000000000060 .L0 
     /tmp/ccqSSCvs.s:84     .text:0000000000000064 .L0 
     /tmp/ccqSSCvs.s:86     .text:000000000000006c .L0 
     /tmp/ccqSSCvs.s:89     .text:0000000000000070 .L0 
     /tmp/ccqSSCvs.s:92     .text:0000000000000074 .L0 
     /tmp/ccqSSCvs.s:98     .text:000000000000007c .L0 
     /tmp/ccqSSCvs.s:100    .text:0000000000000084 .L0 
     /tmp/ccqSSCvs.s:101    .text:0000000000000084 .L0 
     /tmp/ccqSSCvs.s:103    .text:0000000000000088 .L0 
     /tmp/ccqSSCvs.s:104    .text:0000000000000088 .L0 
     /tmp/ccqSSCvs.s:106    .text:000000000000008c .L0 
     /tmp/ccqSSCvs.s:108    .text:0000000000000090 .L0 
     /tmp/ccqSSCvs.s:112    .text:0000000000000094 .L0 
     /tmp/ccqSSCvs.s:116    .text:0000000000000094 .L0 
     /tmp/ccqSSCvs.s:121    .text:00000000000000a0 .L0 
     /tmp/ccqSSCvs.s:126    .text:00000000000000a4 .L0 
     /tmp/ccqSSCvs.s:127    .text:00000000000000a8 .L0 
     /tmp/ccqSSCvs.s:133    .text:00000000000000a8 _ZN9Scheduler3putEP3TCB
     /tmp/ccqSSCvs.s:136    .text:00000000000000a8 .L0 
     /tmp/ccqSSCvs.s:138    .text:00000000000000a8 .L0 
     /tmp/ccqSSCvs.s:139    .text:00000000000000ac .L0 
     /tmp/ccqSSCvs.s:143    .text:00000000000000b8 .L0 
     /tmp/ccqSSCvs.s:144    .text:00000000000000b8 .L0 
     /tmp/ccqSSCvs.s:145    .text:00000000000000b8 .L0 
     /tmp/ccqSSCvs.s:147    .text:00000000000000bc .L0 
     /tmp/ccqSSCvs.s:153    .text:00000000000000c0 .L0 
     /tmp/ccqSSCvs.s:154    .text:00000000000000c0 .L0 
     /tmp/ccqSSCvs.s:159    .text:00000000000000cc .L0 
GAS LISTING /tmp/ccqSSCvs.s 			page 9


     /tmp/ccqSSCvs.s:161    .text:00000000000000d0 .L0 
     /tmp/ccqSSCvs.s:163    .text:00000000000000d4 .L0 
     /tmp/ccqSSCvs.s:165    .text:00000000000000dc .L0 
     /tmp/ccqSSCvs.s:167    .text:00000000000000e0 .L0 
     /tmp/ccqSSCvs.s:169    .text:00000000000000e4 .L0 
     /tmp/ccqSSCvs.s:175    .text:00000000000000ec .L0 
     /tmp/ccqSSCvs.s:176    .text:00000000000000f0 .L0 
     /tmp/ccqSSCvs.s:177    .text:00000000000000f0 .L0 
     /tmp/ccqSSCvs.s:179    .text:00000000000000f4 .L0 
     /tmp/ccqSSCvs.s:180    .text:00000000000000f4 .L0 
     /tmp/ccqSSCvs.s:182    .text:00000000000000f8 .L0 
     /tmp/ccqSSCvs.s:185    .text:00000000000000fc .L0 
     /tmp/ccqSSCvs.s:189    .text:0000000000000100 .L0 
     /tmp/ccqSSCvs.s:193    .text:0000000000000100 .L0 
     /tmp/ccqSSCvs.s:200    .text:0000000000000110 .L0 
     /tmp/ccqSSCvs.s:201    .text:0000000000000114 .L0 
     /tmp/ccqSSCvs.s:206    .text:0000000000000114 _GLOBAL__sub_I__ZN9Scheduler19readyCoroutineQueueE
     /tmp/ccqSSCvs.s:209    .text:0000000000000114 .L0 
     /tmp/ccqSSCvs.s:210    .text:0000000000000114 .L0 
     /tmp/ccqSSCvs.s:211    .text:0000000000000118 .L0 
     /tmp/ccqSSCvs.s:214    .text:0000000000000120 .L0 
     /tmp/ccqSSCvs.s:215    .text:0000000000000120 .L0 
     /tmp/ccqSSCvs.s:217    .text:0000000000000124 .L0 
     /tmp/ccqSSCvs.s:219    .text:0000000000000124 .L0 
     /tmp/ccqSSCvs.s:225    .text:000000000000013c .L0 
     /tmp/ccqSSCvs.s:227    .text:0000000000000140 .L0 
     /tmp/ccqSSCvs.s:228    .text:0000000000000140 .L0 
     /tmp/ccqSSCvs.s:230    .text:0000000000000144 .L0 
     /tmp/ccqSSCvs.s:232    .text:0000000000000148 .L0 
     /tmp/ccqSSCvs.s:244    .bss:0000000000000000 _ZN9Scheduler19readyCoroutineQueueE
     /tmp/ccqSSCvs.s:241    .bss:0000000000000000 .LANCHOR0
     /tmp/ccqSSCvs.s:251    .text:0000000000000148 .L0 
     /tmp/ccqSSCvs.s:43     .text:000000000000002c .L0 
     /tmp/ccqSSCvs.s:77     .text:0000000000000054 .L0 
     /tmp/ccqSSCvs.s:84     .text:0000000000000064 .L0 
     /tmp/ccqSSCvs.s:116    .text:0000000000000094 .L0 
     /tmp/ccqSSCvs.s:163    .text:00000000000000d4 .L0 
     /tmp/ccqSSCvs.s:169    .text:00000000000000e4 .L0 
     /tmp/ccqSSCvs.s:193    .text:0000000000000100 .L0 
     /tmp/ccqSSCvs.s:31     .text:0000000000000020 .L4
     /tmp/ccqSSCvs.s:23     .text:0000000000000014 .L1
     /tmp/ccqSSCvs.s:119    .text:00000000000000a0 .L8
     /tmp/ccqSSCvs.s:111    .text:0000000000000094 .L10
     /tmp/ccqSSCvs.s:87     .text:0000000000000070 .L7
     /tmp/ccqSSCvs.s:94     .text:000000000000007c .L5
     /tmp/ccqSSCvs.s:188    .text:0000000000000100 .L12
     /tmp/ccqSSCvs.s:171    .text:00000000000000ec .L11
     /tmp/ccqSSCvs.s:1093   .debug_abbrev:0000000000000000 .Ldebug_abbrev0
     /tmp/ccqSSCvs.s:2228   .debug_str:00000000000004db .LASF74
     /tmp/ccqSSCvs.s:2250   .debug_str:000000000000064f .LASF75
     /tmp/ccqSSCvs.s:2090   .debug_str:0000000000000000 .LASF76
     /tmp/ccqSSCvs.s:5      .text:0000000000000000 .Ltext0
     /tmp/ccqSSCvs.s:247    .text:0000000000000148 .Letext0
     /tmp/ccqSSCvs.s:2088   .debug_line:0000000000000000 .Ldebug_line0
     /tmp/ccqSSCvs.s:2184   .debug_str:0000000000000386 .LASF0
     /tmp/ccqSSCvs.s:2192   .debug_str:00000000000003ba .LASF1
     /tmp/ccqSSCvs.s:2172   .debug_str:000000000000032b .LASF2
GAS LISTING /tmp/ccqSSCvs.s 			page 10


     /tmp/ccqSSCvs.s:2152   .debug_str:000000000000028d .LASF4
     /tmp/ccqSSCvs.s:2216   .debug_str:000000000000048c .LASF3
     /tmp/ccqSSCvs.s:2106   .debug_str:0000000000000122 .LASF5
     /tmp/ccqSSCvs.s:2194   .debug_str:00000000000003cd .LASF6
     /tmp/ccqSSCvs.s:2182   .debug_str:0000000000000373 .LASF7
     /tmp/ccqSSCvs.s:2240   .debug_str:00000000000005f0 .LASF8
     /tmp/ccqSSCvs.s:2144   .debug_str:000000000000024f .LASF9
     /tmp/ccqSSCvs.s:2200   .debug_str:00000000000003fe .LASF10
     /tmp/ccqSSCvs.s:2232   .debug_str:00000000000005ab .LASF11
     /tmp/ccqSSCvs.s:2110   .debug_str:0000000000000138 .LASF12
     /tmp/ccqSSCvs.s:2096   .debug_str:0000000000000072 .LASF13
     /tmp/ccqSSCvs.s:2116   .debug_str:000000000000016a .LASF14
     /tmp/ccqSSCvs.s:2212   .debug_str:0000000000000471 .LASF15
     /tmp/ccqSSCvs.s:2122   .debug_str:0000000000000191 .LASF16
     /tmp/ccqSSCvs.s:2140   .debug_str:000000000000023f .LASF43
     /tmp/ccqSSCvs.s:2222   .debug_str:00000000000004c4 .LASF17
     /tmp/ccqSSCvs.s:2256   .debug_str:00000000000006a2 .LASF18
     /tmp/ccqSSCvs.s:2248   .debug_str:000000000000064a .LASF19
     /tmp/ccqSSCvs.s:2170   .debug_str:000000000000031b .LASF22
     /tmp/ccqSSCvs.s:2224   .debug_str:00000000000004c9 .LASF20
     /tmp/ccqSSCvs.s:2156   .debug_str:000000000000029f .LASF21
     /tmp/ccqSSCvs.s:2132   .debug_str:00000000000001f2 .LASF33
     /tmp/ccqSSCvs.s:2238   .debug_str:00000000000005d4 .LASF24
     /tmp/ccqSSCvs.s:2180   .debug_str:0000000000000369 .LASF23
     /tmp/ccqSSCvs.s:2162   .debug_str:00000000000002dd .LASF25
     /tmp/ccqSSCvs.s:2230   .debug_str:000000000000059f .LASF41
     /tmp/ccqSSCvs.s:2104   .debug_str:00000000000000fe .LASF77
     /tmp/ccqSSCvs.s:2190   .debug_str:00000000000003b1 .LASF26
     /tmp/ccqSSCvs.s:2126   .debug_str:00000000000001b1 .LASF28
     /tmp/ccqSSCvs.s:2124   .debug_str:00000000000001a7 .LASF27
     /tmp/ccqSSCvs.s:2246   .debug_str:0000000000000629 .LASF29
     /tmp/ccqSSCvs.s:2138   .debug_str:0000000000000237 .LASF30
     /tmp/ccqSSCvs.s:2136   .debug_str:0000000000000217 .LASF31
     /tmp/ccqSSCvs.s:2134   .debug_str:000000000000020b .LASF32
     /tmp/ccqSSCvs.s:2102   .debug_str:00000000000000d2 .LASF34
     /tmp/ccqSSCvs.s:2198   .debug_str:00000000000003f4 .LASF35
     /tmp/ccqSSCvs.s:2218   .debug_str:000000000000049e .LASF36
     /tmp/ccqSSCvs.s:2236   .debug_str:00000000000005bf .LASF37
     /tmp/ccqSSCvs.s:2242   .debug_str:0000000000000600 .LASF39
     /tmp/ccqSSCvs.s:2196   .debug_str:00000000000003e0 .LASF38
     /tmp/ccqSSCvs.s:2220   .debug_str:00000000000004b0 .LASF40
     /tmp/ccqSSCvs.s:2244   .debug_str:0000000000000615 .LASF78
     /tmp/ccqSSCvs.s:2148   .debug_str:0000000000000274 .LASF79
     /tmp/ccqSSCvs.s:2114   .debug_str:0000000000000152 .LASF80
     /tmp/ccqSSCvs.s:2168   .debug_str:0000000000000311 .LASF42
     /tmp/ccqSSCvs.s:2234   .debug_str:00000000000005ba .LASF44
     /tmp/ccqSSCvs.s:2206   .debug_str:000000000000043c .LASF45
     /tmp/ccqSSCvs.s:2178   .debug_str:000000000000034a .LASF81
     /tmp/ccqSSCvs.s:2128   .debug_str:00000000000001d1 .LASF46
     /tmp/ccqSSCvs.s:2176   .debug_str:0000000000000345 .LASF47
     /tmp/ccqSSCvs.s:2150   .debug_str:0000000000000288 .LASF48
     /tmp/ccqSSCvs.s:2186   .debug_str:0000000000000393 .LASF49
     /tmp/ccqSSCvs.s:2210   .debug_str:000000000000045a .LASF50
     /tmp/ccqSSCvs.s:2146   .debug_str:000000000000025d .LASF51
     /tmp/ccqSSCvs.s:2226   .debug_str:00000000000004d2 .LASF52
     /tmp/ccqSSCvs.s:2252   .debug_str:0000000000000661 .LASF53
     /tmp/ccqSSCvs.s:2142   .debug_str:0000000000000247 .LASF54
GAS LISTING /tmp/ccqSSCvs.s 			page 11


     /tmp/ccqSSCvs.s:2130   .debug_str:00000000000001d6 .LASF55
     /tmp/ccqSSCvs.s:2174   .debug_str:0000000000000339 .LASF56
     /tmp/ccqSSCvs.s:2094   .debug_str:0000000000000054 .LASF57
     /tmp/ccqSSCvs.s:2108   .debug_str:0000000000000129 .LASF58
     /tmp/ccqSSCvs.s:2092   .debug_str:0000000000000030 .LASF59
     /tmp/ccqSSCvs.s:2112   .debug_str:0000000000000148 .LASF60
     /tmp/ccqSSCvs.s:2160   .debug_str:00000000000002c2 .LASF61
     /tmp/ccqSSCvs.s:2188   .debug_str:00000000000003a6 .LASF62
     /tmp/ccqSSCvs.s:2100   .debug_str:00000000000000b5 .LASF63
     /tmp/ccqSSCvs.s:2164   .debug_str:00000000000002f9 .LASF64
     /tmp/ccqSSCvs.s:2158   .debug_str:00000000000002a8 .LASF65
     /tmp/ccqSSCvs.s:2120   .debug_str:0000000000000189 .LASF66
     /tmp/ccqSSCvs.s:2208   .debug_str:0000000000000441 .LASF67
     /tmp/ccqSSCvs.s:2254   .debug_str:000000000000067e .LASF82
     /tmp/ccqSSCvs.s:2098   .debug_str:0000000000000082 .LASF68
     /tmp/ccqSSCvs.s:207    .text:0000000000000114 .LFB18
     /tmp/ccqSSCvs.s:233    .text:0000000000000148 .LFE18
     /tmp/ccqSSCvs.s:223    .text:0000000000000138 .LVL18
     /tmp/ccqSSCvs.s:2202   .debug_str:000000000000040d .LASF69
     /tmp/ccqSSCvs.s:9      .text:0000000000000000 .LFB17
     /tmp/ccqSSCvs.s:53     .text:0000000000000040 .LFE17
     /tmp/ccqSSCvs.s:2166   .debug_str:0000000000000302 .LASF70
     /tmp/ccqSSCvs.s:2154   .debug_str:0000000000000294 .LASF71
     /tmp/ccqSSCvs.s:38     .text:000000000000002c .LBB9
     /tmp/ccqSSCvs.s:49     .text:000000000000003c .LBE9
     /tmp/ccqSSCvs.s:1967   .debug_loc:0000000000000000 .LLST0
     /tmp/ccqSSCvs.s:2204   .debug_str:0000000000000437 .LASF72
     /tmp/ccqSSCvs.s:2214   .debug_str:0000000000000487 .LASF73
     /tmp/ccqSSCvs.s:2118   .debug_str:0000000000000176 .LASF83
     /tmp/ccqSSCvs.s:134    .text:00000000000000a8 .LFB11
     /tmp/ccqSSCvs.s:202    .text:0000000000000114 .LFE11
     /tmp/ccqSSCvs.s:1976   .debug_loc:000000000000002c .LLST4
     /tmp/ccqSSCvs.s:151    .text:00000000000000c0 .LBB16
     /tmp/ccqSSCvs.s:2074   .debug_ranges:0000000000000000 .Ldebug_ranges0
     /tmp/ccqSSCvs.s:1998   .debug_loc:000000000000008b .LLST5
     /tmp/ccqSSCvs.s:2013   .debug_loc:00000000000000d4 .LLST6
     /tmp/ccqSSCvs.s:157    .text:00000000000000cc .LVL13
     /tmp/ccqSSCvs.s:59     .text:0000000000000040 .LFB10
     /tmp/ccqSSCvs.s:128    .text:00000000000000a8 .LFE10
     /tmp/ccqSSCvs.s:74     .text:0000000000000054 .LBB12
     /tmp/ccqSSCvs.s:2028   .debug_loc:000000000000011c .LLST1
     /tmp/ccqSSCvs.s:2043   .debug_loc:0000000000000164 .LLST2
     /tmp/ccqSSCvs.s:2054   .debug_loc:000000000000019a .LLST3
     /tmp/ccqSSCvs.s:93     .text:000000000000007c .LVL6
     /tmp/ccqSSCvs.s:37     .text:000000000000002c .LVL1
     /tmp/ccqSSCvs.s:46     .text:000000000000003c .LVL2
     /tmp/ccqSSCvs.s:137    .text:00000000000000a8 .LVL10
     /tmp/ccqSSCvs.s:155    .text:00000000000000c4 .LVL12
     /tmp/ccqSSCvs.s:183    .text:00000000000000f8 .LVL15
     /tmp/ccqSSCvs.s:187    .text:0000000000000100 .LVL16
     /tmp/ccqSSCvs.s:150    .text:00000000000000c0 .LVL11
     /tmp/ccqSSCvs.s:170    .text:00000000000000ec .LVL14
     /tmp/ccqSSCvs.s:196    .text:0000000000000110 .LVL17
     /tmp/ccqSSCvs.s:73     .text:0000000000000054 .LVL3
     /tmp/ccqSSCvs.s:110    .text:0000000000000094 .LVL7
     /tmp/ccqSSCvs.s:122    .text:00000000000000a4 .LVL9
     /tmp/ccqSSCvs.s:80     .text:0000000000000060 .LVL4
GAS LISTING /tmp/ccqSSCvs.s 			page 12


     /tmp/ccqSSCvs.s:118    .text:00000000000000a0 .LVL8
     /tmp/ccqSSCvs.s:90     .text:0000000000000074 .LVL5
     /tmp/ccqSSCvs.s:252    .debug_info:0000000000000000 .Ldebug_info0
     /tmp/ccqSSCvs.s:96     .text:000000000000007c .LBE12
     /tmp/ccqSSCvs.s:113    .text:0000000000000094 .LBB15
     /tmp/ccqSSCvs.s:124    .text:00000000000000a4 .LBE15
     /tmp/ccqSSCvs.s:173    .text:00000000000000ec .LBE16
     /tmp/ccqSSCvs.s:190    .text:0000000000000100 .LBB19
     /tmp/ccqSSCvs.s:198    .text:0000000000000110 .LBE19

UNDEFINED SYMBOLS
_ZN15MemoryAllocator7FreeMemEPv
_ZN15MemoryAllocator9allocateBEm
